Determining if the pthread_create exist failed with the following output:
Change Dir: /home/qlt/qiulingteng/app/app-example/refinedet/build/CMakeFiles/CMakeTmp

Run Build Command:"/usr/bin/make" "cmTC_c670f/fast"
/usr/bin/make -f CMakeFiles/cmTC_c670f.dir/build.make CMakeFiles/cmTC_c670f.dir/build
make[1]: Entering directory '/home/qlt/qiulingteng/app/app-example/refinedet/build/CMakeFiles/CMakeTmp'
Building C object CMakeFiles/cmTC_c670f.dir/CheckSymbolExists.c.o
/usr/bin/cc     -o CMakeFiles/cmTC_c670f.dir/CheckSymbolExists.c.o   -c /home/qlt/qiulingteng/app/app-example/refinedet/build/CMakeFiles/CMakeTmp/CheckSymbolExists.c
Linking C executable cmTC_c670f
/usr/bin/cmake -E cmake_link_script CMakeFiles/cmTC_c670f.dir/link.txt --verbose=1
/usr/bin/cc       CMakeFiles/cmTC_c670f.dir/CheckSymbolExists.c.o  -o cmTC_c670f -rdynamic 
CMakeFiles/cmTC_c670f.dir/CheckSymbolExists.c.o: In function `main':
CheckSymbolExists.c:(.text+0x16): undefined reference to `pthread_create'
collect2: error: ld returned 1 exit status
CMakeFiles/cmTC_c670f.dir/build.make:97: recipe for target 'cmTC_c670f' failed
make[1]: *** [cmTC_c670f] Error 1
make[1]: Leaving directory '/home/qlt/qiulingteng/app/app-example/refinedet/build/CMakeFiles/CMakeTmp'
Makefile:126: recipe for target 'cmTC_c670f/fast' failed
make: *** [cmTC_c670f/fast] Error 2

File /home/qlt/qiulingteng/app/app-example/refinedet/build/CMakeFiles/CMakeTmp/CheckSymbolExists.c:
/* */
#include <pthread.h>

int main(int argc, char** argv)
{
  (void)argv;
#ifndef pthread_create
  return ((int*)(&pthread_create))[argc];
#else
  (void)argc;
  return 0;
#endif
}

Determining if the function pthread_create exists in the pthreads failed with the following output:
Change Dir: /home/qlt/qiulingteng/app/app-example/refinedet/build/CMakeFiles/CMakeTmp

Run Build Command:"/usr/bin/make" "cmTC_7c0dc/fast"
/usr/bin/make -f CMakeFiles/cmTC_7c0dc.dir/build.make CMakeFiles/cmTC_7c0dc.dir/build
make[1]: Entering directory '/home/qlt/qiulingteng/app/app-example/refinedet/build/CMakeFiles/CMakeTmp'
Building C object CMakeFiles/cmTC_7c0dc.dir/CheckFunctionExists.c.o
/usr/bin/cc    -DCHECK_FUNCTION_EXISTS=pthread_create   -o CMakeFiles/cmTC_7c0dc.dir/CheckFunctionExists.c.o   -c /usr/share/cmake-3.5/Modules/CheckFunctionExists.c
Linking C executable cmTC_7c0dc
/usr/bin/cmake -E cmake_link_script CMakeFiles/cmTC_7c0dc.dir/link.txt --verbose=1
/usr/bin/cc   -DCHECK_FUNCTION_EXISTS=pthread_create    CMakeFiles/cmTC_7c0dc.dir/CheckFunctionExists.c.o  -o cmTC_7c0dc -rdynamic -lpthreads 
/usr/bin/ld: cannot find -lpthreads
collect2: error: ld returned 1 exit status
CMakeFiles/cmTC_7c0dc.dir/build.make:97: recipe for target 'cmTC_7c0dc' failed
make[1]: *** [cmTC_7c0dc] Error 1
make[1]: Leaving directory '/home/qlt/qiulingteng/app/app-example/refinedet/build/CMakeFiles/CMakeTmp'
Makefile:126: recipe for target 'cmTC_7c0dc/fast' failed
make: *** [cmTC_7c0dc/fast] Error 2


